
mpartrce -p "sdram_controller_impl1.p2t" -f "sdram_controller_impl1.p3t" -tf "sdram_controller_impl1.pt" "sdram_controller_impl1_map.ncd" "sdram_controller_impl1.ncd"

---- MParTrce Tool ----
Removing old design directory at request of -rem command line option to this program.
Running par. Please wait . . .

Lattice Place and Route Report for Design "sdram_controller_impl1_map.ncd"
Fri Mar 28 17:39:53 2025

PAR: Place And Route Diamond (64-bit) 3.14.0.75.2.
Command Line: par -w -l 5 -i 6 -t 1 -c 0 -e 0 -gui -msgset C:/lscc/diamond/projects/SDRAM_controller/sdram_controller/promote.xml -exp parUseNBR=1:parCDP=0:parCDR=0:parPathBased=OFF:parASE=1 sdram_controller_impl1_map.ncd sdram_controller_impl1.dir/5_1.ncd sdram_controller_impl1.prf
Preference file: sdram_controller_impl1.prf.
Placement level-cost: 5-1.
Routing Iterations: 6

Loading design for application par from file sdram_controller_impl1_map.ncd.
Design name: sdram_controller
NCD version: 3.3
Vendor:      LATTICE
Device:      LCMXO2-4000HC
Package:     CABGA332
Performance: 4
Loading device for application par from file 'xo2c4000.nph' in environment: C:/lscc/diamond/3.14/ispfpga.
Package Status:                     Final          Version 1.44.
Performance Hardware Data Status:   Final          Version 36.4.
License checked out.


Ignore Preference Error(s):  True
Device utilization summary:

   PIO (prelim)  152+4(JTAG)/280     56% used
                 152+4(JTAG)/275     57% bonded
   IOLOGIC           67/280          23% used

   SLICE             77/2160          3% used



Number of Signals: 387
Number of Connections: 992

Pin Constraint Summary:
   1 out of 152 pins locked (0% locked).

The following 1 signal is selected to use the primary clock routing resources:
    clk_c (driver: clk, clk load #: 103)


The following 3 signals are selected to use the secondary clock routing resources:
    reset_n_port_c (driver: reset_n_port, clk load #: 0, sr load #: 74, ce load #: 0)
    present_state[22] (driver: SLICE_39, clk load #: 0, sr load #: 0, ce load #: 32)
    soc_side_wr_en_port_c (driver: soc_side_wr_en_port, clk load #: 0, sr load #: 0, ce load #: 32)

No signal is selected as Global Set/Reset.
.
Starting Placer Phase 0.
...........
Finished Placer Phase 0.  REAL time: 0 secs 

Starting Placer Phase 1.
.....................
Placer score = 27967.
Finished Placer Phase 1.  REAL time: 10 secs 

Starting Placer Phase 2.
.
Placer score =  27891
Finished Placer Phase 2.  REAL time: 10 secs 


------------------ Clock Report ------------------

Global Clock Resources:
  CLK_PIN    : 3 out of 8 (37%)
  PLL        : 0 out of 2 (0%)
  DCM        : 0 out of 2 (0%)
  DCC        : 0 out of 8 (0%)

Global Clocks:
  PRIMARY "clk_c" from comp "clk" on CLK_PIN site "B9 (PT18A)", clk load = 103
  SECONDARY "reset_n_port_c" from comp "reset_n_port" on CLK_PIN site "R2 (PL17A)", clk load = 0, ce load = 0, sr load = 74
  SECONDARY "present_state[22]" from Q0 on comp "SLICE_39" on site "R20C18A", clk load = 0, ce load = 32, sr load = 0
  SECONDARY "soc_side_wr_en_port_c" from comp "soc_side_wr_en_port" on CLK_PIN site "M1 (PL10C)", clk load = 0, ce load = 32, sr load = 0

  PRIMARY  : 1 out of 8 (12%)
  SECONDARY: 3 out of 8 (37%)

Edge Clocks:
  No edge clock selected.

--------------- End of Clock Report ---------------


I/O Usage Summary (final):
   152 + 4(JTAG) out of 280 (55.7%) PIO sites used.
   152 + 4(JTAG) out of 275 (56.7%) bonded PIO sites used.
   Number of PIO comps: 152; differential: 0.
   Number of Vref pins used: 0.

I/O Bank Usage Summary:
+----------+----------------+------------+-----------+
| I/O Bank | Usage          | Bank Vccio | Bank Vref |
+----------+----------------+------------+-----------+
| 0        | 1 / 69 (  1%)  | 3.3V       | -         |
| 1        | 38 / 68 ( 55%) | 2.5V       | -         |
| 2        | 57 / 70 ( 81%) | 2.5V       | -         |
| 3        | 21 / 24 ( 87%) | 2.5V       | -         |
| 4        | 14 / 16 ( 87%) | 2.5V       | -         |
| 5        | 21 / 28 ( 75%) | 2.5V       | -         |
+----------+----------------+------------+-----------+

Total placer CPU time: 9 secs 

Dumping design to file sdram_controller_impl1.dir/5_1.ncd.

0 connections routed; 992 unrouted.
Starting router resource preassignment

Completed router resource preassignment. Real time: 19 secs 

Start NBR router at 17:40:12 03/28/25

*****************************************************************
Info: NBR allows conflicts(one node used by more than one signal)
      in the earlier iterations. In each iteration, it tries to  
      solve the conflicts while keeping the critical connections 
      routed as short as possible. The routing process is said to
      be completed when no conflicts exist and all connections   
      are routed.                                                
Note: NBR uses a different method to calculate timing slacks. The
      worst slack and total negative slack may not be the same as
      that in TRCE report. You should always run TRCE to verify  
      your design.                                               
*****************************************************************

Start NBR special constraint process at 17:40:12 03/28/25

Start NBR section for initial routing at 17:40:12 03/28/25
Level 1, iteration 1
1(0.00%) conflict; 599(60.38%) untouched conns; 0 (nbr) score; 
Estimated worst slack/total negative slack<setup>: 2.725ns/0.000ns; real time: 19 secs 
Level 2, iteration 1
1(0.00%) conflict; 591(59.58%) untouched conns; 0 (nbr) score; 
Estimated worst slack/total negative slack<setup>: 3.122ns/0.000ns; real time: 19 secs 
Level 3, iteration 1
3(0.00%) conflicts; 516(52.02%) untouched conns; 0 (nbr) score; 
Estimated worst slack/total negative slack<setup>: 3.327ns/0.000ns; real time: 19 secs 
Level 4, iteration 1
8(0.00%) conflicts; 0(0.00%) untouched conn; 0 (nbr) score; 
Estimated worst slack/total negative slack<setup>: 2.936ns/0.000ns; real time: 19 secs 

Info: Initial congestion level at 75% usage is 0
Info: Initial congestion area  at 75% usage is 0 (0.00%)

Start NBR section for normal routing at 17:40:12 03/28/25
Level 1, iteration 1
2(0.00%) conflicts; 11(1.11%) untouched conns; 0 (nbr) score; 
Estimated worst slack/total negative slack<setup>: 3.267ns/0.000ns; real time: 19 secs 
Level 4, iteration 1
5(0.00%) conflicts; 0(0.00%) untouched conn; 0 (nbr) score; 
Estimated worst slack/total negative slack<setup>: 2.936ns/0.000ns; real time: 19 secs 
Level 4, iteration 2
5(0.00%) conflicts; 0(0.00%) untouched conn; 0 (nbr) score; 
Estimated worst slack/total negative slack<setup>: 2.936ns/0.000ns; real time: 19 secs 
Level 4, iteration 3
3(0.00%) conflicts; 0(0.00%) untouched conn; 0 (nbr) score; 
Estimated worst slack/total negative slack<setup>: 2.936ns/0.000ns; real time: 19 secs 
Level 4, iteration 4
0(0.00%) conflict; 0(0.00%) untouched conn; 0 (nbr) score; 
Estimated worst slack/total negative slack<setup>: 2.936ns/0.000ns; real time: 19 secs 

Start NBR section for setup/hold timing optimization with effort level 3 at 17:40:12 03/28/25

Start NBR section for re-routing at 17:40:12 03/28/25
Level 4, iteration 1
0(0.00%) conflict; 0(0.00%) untouched conn; 0 (nbr) score; 
Estimated worst slack/total negative slack<setup>: 2.936ns/0.000ns; real time: 19 secs 

Start NBR section for post-routing at 17:40:12 03/28/25

End NBR router with 0 unrouted connection

NBR Summary
-----------
  Number of unrouted connections : 0 (0.00%)
  Number of connections with timing violations : 0 (0.00%)
  Estimated worst slack<setup> : 2.936ns
  Timing score<setup> : 0
-----------
Notes: The timing info is calculated for SETUP only and all PAR_ADJs are ignored.



Total CPU time 19 secs 
Total REAL time: 20 secs 
Completely routed.
End of route.  992 routed (100.00%); 0 unrouted.

Hold time timing score: 0, hold timing errors: 0

Timing score: 0 

Dumping design to file sdram_controller_impl1.dir/5_1.ncd.


PAR_SUMMARY::Run status = Completed
PAR_SUMMARY::Number of unrouted conns = 0
PAR_SUMMARY::Worst  slack<setup/<ns>> = 2.936
PAR_SUMMARY::Timing score<setup/<ns>> = 0.000
PAR_SUMMARY::Worst  slack<hold /<ns>> = 0.379
PAR_SUMMARY::Timing score<hold /<ns>> = 0.000
PAR_SUMMARY::Number of errors = 0

Total CPU  time to completion: 19 secs 
Total REAL time to completion: 20 secs 

par done!

Note: user must run 'Trace' for timing closure signoff.

Copyright (c) 1991-1994 by NeoCAD Inc. All rights reserved.
Copyright (c) 1995 AT&T Corp.   All rights reserved.
Copyright (c) 1995-2001 Lucent Technologies Inc.  All rights reserved.
Copyright (c) 2001 Agere Systems   All rights reserved.
Copyright (c) 2002-2024 Lattice Semiconductor Corporation,  All rights reserved.
Exiting par with exit code 0
Exiting mpartrce with exit code 0

trce -f "sdram_controller_impl1.pt" -o "sdram_controller_impl1.twr" "sdram_controller_impl1.ncd" "sdram_controller_impl1.prf"
trce:  version Diamond (64-bit) 3.14.0.75.2

Copyright (c) 1991-1994 by NeoCAD Inc. All rights reserved.
Copyright (c) 1995 AT&T Corp.   All rights reserved.
Copyright (c) 1995-2001 Lucent Technologies Inc.  All rights reserved.
Copyright (c) 2001 Agere Systems   All rights reserved.
Copyright (c) 2002-2024 Lattice Semiconductor Corporation,  All rights reserved.

Loading design for application trce from file sdram_controller_impl1.ncd.
Design name: sdram_controller
NCD version: 3.3
Vendor:      LATTICE
Device:      LCMXO2-4000HC
Package:     CABGA332
Performance: 4
Loading device for application trce from file 'xo2c4000.nph' in environment: C:/lscc/diamond/3.14/ispfpga.
Package Status:                     Final          Version 1.44.
Performance Hardware Data Status:   Final          Version 36.4.
Setup and Hold Report

--------------------------------------------------------------------------------
Lattice TRACE Report - Setup, Version Diamond (64-bit) 3.14.0.75.2
Fri Mar 28 17:40:13 2025

Copyright (c) 1991-1994 by NeoCAD Inc. All rights reserved.
Copyright (c) 1995 AT&T Corp.   All rights reserved.
Copyright (c) 1995-2001 Lucent Technologies Inc.  All rights reserved.
Copyright (c) 2001 Agere Systems   All rights reserved.
Copyright (c) 2002-2024 Lattice Semiconductor Corporation,  All rights reserved.

Report Information
------------------
Command line:    trce -v 10 -gt -sethld -sp 4 -sphld m -o sdram_controller_impl1.twr -gui -msgset C:/lscc/diamond/projects/SDRAM_controller/sdram_controller/promote.xml sdram_controller_impl1.ncd sdram_controller_impl1.prf 
Design file:     sdram_controller_impl1.ncd
Preference file: sdram_controller_impl1.prf
Device,speed:    LCMXO2-4000HC,4
Report level:    verbose report, limited to 10 items per preference
--------------------------------------------------------------------------------

BLOCK ASYNCPATHS
BLOCK RESETPATHS
--------------------------------------------------------------------------------



Timing summary (Setup):
---------------

Timing errors: 0  Score: 0
Cumulative negative slack: 0

Constraints cover 4432 paths, 1 nets, and 539 connections (54.33% coverage)

--------------------------------------------------------------------------------
Lattice TRACE Report - Hold, Version Diamond (64-bit) 3.14.0.75.2
Fri Mar 28 17:40:13 2025

Copyright (c) 1991-1994 by NeoCAD Inc. All rights reserved.
Copyright (c) 1995 AT&T Corp.   All rights reserved.
Copyright (c) 1995-2001 Lucent Technologies Inc.  All rights reserved.
Copyright (c) 2001 Agere Systems   All rights reserved.
Copyright (c) 2002-2024 Lattice Semiconductor Corporation,  All rights reserved.

Report Information
------------------
Command line:    trce -v 10 -gt -sethld -sp 4 -sphld m -o sdram_controller_impl1.twr -gui -msgset C:/lscc/diamond/projects/SDRAM_controller/sdram_controller/promote.xml sdram_controller_impl1.ncd sdram_controller_impl1.prf 
Design file:     sdram_controller_impl1.ncd
Preference file: sdram_controller_impl1.prf
Device,speed:    LCMXO2-4000HC,m
Report level:    verbose report, limited to 10 items per preference
--------------------------------------------------------------------------------

BLOCK ASYNCPATHS
BLOCK RESETPATHS
--------------------------------------------------------------------------------



Timing summary (Hold):
---------------

Timing errors: 0  Score: 0
Cumulative negative slack: 0

Constraints cover 4432 paths, 1 nets, and 539 connections (54.33% coverage)



Timing summary (Setup and Hold):
---------------

Timing errors: 0 (setup), 0 (hold)
Score: 0 (setup), 0 (hold)
Cumulative negative slack: 0 (0+0)
--------------------------------------------------------------------------------

--------------------------------------------------------------------------------

Total CPU Time: 0 secs 
Total REAL Time: 0 secs 
Peak Memory Usage: 60 MB


iotiming  "sdram_controller_impl1.ncd" "sdram_controller_impl1.prf"
I/O Timing Report:
:  version Diamond (64-bit) 3.14.0.75.2

Copyright (c) 1991-1994 by NeoCAD Inc. All rights reserved.
Copyright (c) 1995 AT&T Corp.   All rights reserved.
Copyright (c) 1995-2001 Lucent Technologies Inc.  All rights reserved.
Copyright (c) 2001 Agere Systems   All rights reserved.
Copyright (c) 2002-2024 Lattice Semiconductor Corporation,  All rights reserved.

Loading design for application iotiming from file sdram_controller_impl1.ncd.
Design name: sdram_controller
NCD version: 3.3
Vendor:      LATTICE
Device:      LCMXO2-4000HC
Package:     CABGA332
Performance: 4
Loading device for application iotiming from file 'xo2c4000.nph' in environment: C:/lscc/diamond/3.14/ispfpga.
Package Status:                     Final          Version 1.44.
Performance Hardware Data Status:   Final          Version 36.4.
Running Performance Grade: 4
Computing Setup Time ...
Computing Max Clock to Output Delay ...
Computing Hold Time ...
Computing Min Clock to Output Delay ...

Loading design for application iotiming from file sdram_controller_impl1.ncd.
Design name: sdram_controller
NCD version: 3.3
Vendor:      LATTICE
Device:      LCMXO2-4000HC
Package:     CABGA332
Performance: 5
Package Status:                     Final          Version 1.44.
Performance Hardware Data Status:   Final          Version 36.4.
Running Performance Grade: 5
Computing Setup Time ...
Computing Max Clock to Output Delay ...
Computing Hold Time ...
Computing Min Clock to Output Delay ...

Loading design for application iotiming from file sdram_controller_impl1.ncd.
Design name: sdram_controller
NCD version: 3.3
Vendor:      LATTICE
Device:      LCMXO2-4000HC
Package:     CABGA332
Performance: 6
Package Status:                     Final          Version 1.44.
Performance Hardware Data Status:   Final          Version 36.4.
Running Performance Grade: 6
Computing Setup Time ...
Computing Max Clock to Output Delay ...
Computing Hold Time ...
Computing Min Clock to Output Delay ...

Loading design for application iotiming from file sdram_controller_impl1.ncd.
Design name: sdram_controller
NCD version: 3.3
Vendor:      LATTICE
Device:      LCMXO2-4000HC
Package:     CABGA332
Performance: M
Package Status:                     Final          Version 1.44.
Performance Hardware Data Status:   Final          Version 36.4.
Running Performance Grade: M
Computing Setup Time ...
Computing Max Clock to Output Delay ...
Computing Hold Time ...
Computing Min Clock to Output Delay ...
Done.

ldbanno "sdram_controller_impl1.ncd" -n Verilog  -o "sdram_controller_impl1_vo.vo"         -w -neg
ldbanno: version Diamond (64-bit) 3.14.0.75.2
Copyright (c) 1991-1994 by NeoCAD Inc. All rights reserved.
Copyright (c) 1995 AT&T Corp.   All rights reserved.
Copyright (c) 1995-2001 Lucent Technologies Inc.  All rights reserved.
Copyright (c) 2001 Agere Systems   All rights reserved.
Copyright (c) 2002-2024 Lattice Semiconductor Corporation,  All rights reserved.

Writing a Verilog netlist using the orca library type based on the sdram_controller_impl1 design file.


Loading design for application ldbanno from file sdram_controller_impl1.ncd.
Design name: sdram_controller
NCD version: 3.3
Vendor:      LATTICE
Device:      LCMXO2-4000HC
Package:     CABGA332
Performance: 4
Loading device for application ldbanno from file 'xo2c4000.nph' in environment: C:/lscc/diamond/3.14/ispfpga.
Package Status:                     Final          Version 1.44.
Performance Hardware Data Status:   Final          Version 36.4.
Converting design sdram_controller_impl1.ncd into .ldb format.
Loading preferences from sdram_controller_impl1.prf.
Writing Verilog netlist to file sdram_controller_impl1_vo.vo
Writing SDF timing to file sdram_controller_impl1_vo.sdf
    <postMsg mid="35400250" type="Info"    dynamic="1" navigation="0" arg0="0"  />
Total CPU Time: 0 secs 
Total REAL Time: 0 secs 
Peak Memory Usage: 53 MB

tmcheck -par "sdram_controller_impl1.par" 

bitgen -f "sdram_controller_impl1.t2b" -w "sdram_controller_impl1.ncd"  "sdram_controller_impl1.prf"


BITGEN: Bitstream Generator Diamond (64-bit) 3.14.0.75.2
Copyright (c) 1991-1994 by NeoCAD Inc. All rights reserved.
Copyright (c) 1995 AT&T Corp.   All rights reserved.
Copyright (c) 1995-2001 Lucent Technologies Inc.  All rights reserved.
Copyright (c) 2001 Agere Systems   All rights reserved.
Copyright (c) 2002-2024 Lattice Semiconductor Corporation,  All rights reserved.


Loading design for application Bitgen from file sdram_controller_impl1.ncd.
Design name: sdram_controller
NCD version: 3.3
Vendor:      LATTICE
Device:      LCMXO2-4000HC
Package:     CABGA332
Performance: 4
Loading device for application Bitgen from file 'xo2c4000.nph' in environment: C:/lscc/diamond/3.14/ispfpga.
Package Status:                     Final          Version 1.44.
Performance Hardware Data Status:   Final          Version 36.4.

Running DRC.
DRC detected 0 errors and 0 warnings.
Reading Preference File from sdram_controller_impl1.prf.
    <postMsg mid="1009992" type="Info"    dynamic="1" navigation="0" arg0=" SW_XO3D_SECURITY_ENCRYPTION *NOT* controlled by xo2c00.acd ###"  />
    <postMsg mid="1009992" type="Info"    dynamic="1" navigation="0" arg0=" SW_XO3D_SECURITY_ENCRYPTION license_securityIP OK"  />

Preference Summary:
+---------------------------------+---------------------------------+
|  Preference                     |  Current Setting                |
+---------------------------------+---------------------------------+
|                         RamCfg  |                        Reset**  |
+---------------------------------+---------------------------------+
|                     MCCLK_FREQ  |                         2.08**  |
+---------------------------------+---------------------------------+
|                  CONFIG_SECURE  |                          OFF**  |
+---------------------------------+---------------------------------+
|                          INBUF  |                           ON**  |
+---------------------------------+---------------------------------+
|                      JTAG_PORT  |                       ENABLE**  |
+---------------------------------+---------------------------------+
|                       SDM_PORT  |                      DISABLE**  |
+---------------------------------+---------------------------------+
|                 SLAVE_SPI_PORT  |                      DISABLE**  |
+---------------------------------+---------------------------------+
|                MASTER_SPI_PORT  |                      DISABLE**  |
+---------------------------------+---------------------------------+
|                       I2C_PORT  |                      DISABLE**  |
+---------------------------------+---------------------------------+
|        MUX_CONFIGURATION_PORTS  |                      DISABLE**  |
+---------------------------------+---------------------------------+
|                  CONFIGURATION  |                          CFG**  |
+---------------------------------+---------------------------------+
|                COMPRESS_CONFIG  |                           ON**  |
+---------------------------------+---------------------------------+
|                        MY_ASSP  |                          OFF**  |
+---------------------------------+---------------------------------+
|               ONE_TIME_PROGRAM  |                          OFF**  |
+---------------------------------+---------------------------------+
|                 ENABLE_TRANSFR  |                      DISABLE**  |
+---------------------------------+---------------------------------+
|                  SHAREDEBRINIT  |                      DISABLE**  |
+---------------------------------+---------------------------------+
|            BACKGROUND_RECONFIG  |                          OFF**  |
+---------------------------------+---------------------------------+
 *  Default setting.
 ** The specified setting matches the default setting.


Creating bit map...
 
Bitstream Status: Final           Version 1.95.
 
Saving bit stream in "sdram_controller_impl1.bit".
Total CPU Time: 1 secs 
Total REAL Time: 0 secs 
Peak Memory Usage: 273 MB
