
Copyright (C) 1994-2023 Synopsys, Inc.
This Synopsys software and all associated documentation are proprietary to Synopsys, Inc.
and may only be used pursuant to the terms and conditions of a written license agreement
with Synopsys, Inc. All other use, reproduction, modification, or distribution of the
Synopsys software or the associated documentation is strictly prohibited.
Tool: Synplify Pro (R)
Build: V-2023.09L-2
Install: C:\lscc\diamond\3.14\synpbase
OS: Windows 10 or later
Hostname: 5CG407221K

Implementation : impl1

# Written on Mon Apr 14 11:26:07 2025

##### FILES SYNTAX CHECKED ##############################################
Constraint File(s):      (none)

#Run constraint checker to find more issues with constraints.
#########################################################################



No issues found in constraint syntax.



Clock Summary
*************

          Start                    Requested     Requested     Clock        Clock          Clock
Level     Clock                    Frequency     Period        Type         Group          Load 
------------------------------------------------------------------------------------------------
0 -       sdram_controller|clk     80.0 MHz      12.500        inferred     (multiple)     128  
================================================================================================


Clock Load Summary
******************

                         Clock     Source        Clock Pin               Non-clock Pin     Non-clock Pin
Clock                    Load      Pin           Seq Example             Seq Example       Comb Example 
--------------------------------------------------------------------------------------------------------
sdram_controller|clk     128       clk(port)     wr_data_reg[31:0].C     -                 -            
========================================================================================================
